This file contains any messages produced by compilers while
running configure, to aid debugging if configure makes a mistake.

It was created by configure, which was
generated by GNU Autoconf 2.69.  Invocation command line was

  $ ./configure --with-curl-libdir= --with-curl-incdir=

## --------- ##
## Platform. ##
## --------- ##

hostname = ubuntu
uname -m = x86_64
uname -r = 4.4.0-116-generic
uname -s = Linux
uname -v = #140-Ubuntu SMP Mon Feb 12 21:23:04 UTC 2018

/usr/bin/uname -p = unknown
/bin/uname -X     = unknown

/bin/arch              = unknown
/usr/bin/arch -k       = unknown
/usr/convex/getsysinfo = unknown
/usr/bin/hostinfo      = unknown
/bin/machine           = unknown
/usr/bin/oslevel       = unknown
/bin/universe          = unknown

PATH: /home/ubuntu/bin
PATH: /home/ubuntu/.local/bin
PATH: /usr/local/sbin
PATH: /usr/local/bin
PATH: /usr/sbin
PATH: /usr/bin
PATH: /sbin
PATH: /bin
PATH: /usr/games
PATH: /usr/local/games
PATH: /snap/bin


## ----------- ##
## Core tests. ##
## ----------- ##

configure:2093: checking build system type
configure:2107: result: x86_64-unknown-linux-gnu
configure:2127: checking host system type
configure:2140: result: x86_64-unknown-linux-gnu
configure:2233: checking for gcc
configure:2249: found /usr/bin/gcc
configure:2260: result: gcc
configure:2489: checking for C compiler version
configure:2498: gcc --version >&5
gcc (Ubuntu 5.4.0-6ubuntu1~16.04.12) 5.4.0 20160609
Copyright (C) 2015 Free Software Foundation, Inc.
This is free software; see the source for copying conditions.  There is NO
warranty; not even for MERCHANTABILITY or FITNESS FOR A PARTICULAR PURPOSE.

configure:2509: $? = 0
configure:2498: gcc -v >&5
Using built-in specs.
COLLECT_GCC=gcc
COLLECT_LTO_WRAPPER=/usr/lib/gcc/x86_64-linux-gnu/5/lto-wrapper
Target: x86_64-linux-gnu
Configured with: ../src/configure -v --with-pkgversion='Ubuntu 5.4.0-6ubuntu1~16.04.12' --with-bugurl=file:///usr/share/doc/gcc-5/README.Bugs --enable-languages=c,ada,c++,java,go,d,fortran,objc,obj-c++ --prefix=/usr --program-suffix=-5 --enable-shared --enable-linker-build-id --libexecdir=/usr/lib --without-included-gettext --enable-threads=posix --libdir=/usr/lib --enable-nls --with-sysroot=/ --enable-clocale=gnu --enable-libstdcxx-debug --enable-libstdcxx-time=yes --with-default-libstdcxx-abi=new --enable-gnu-unique-object --disable-vtable-verify --enable-libmpx --enable-plugin --with-system-zlib --disable-browser-plugin --enable-java-awt=gtk --enable-gtk-cairo --with-java-home=/usr/lib/jvm/java-1.5.0-gcj-5-amd64/jre --enable-java-home --with-jvm-root-dir=/usr/lib/jvm/java-1.5.0-gcj-5-amd64 --with-jvm-jar-dir=/usr/lib/jvm-exports/java-1.5.0-gcj-5-amd64 --with-arch-directory=amd64 --with-ecj-jar=/usr/share/java/eclipse-ecj.jar --enable-objc-gc --enable-multiarch --disable-werror --with-arch-32=i686 --with-abi=m64 --with-multilib-list=m32,m64,mx32 --enable-multilib --with-tune=generic --enable-checking=release --build=x86_64-linux-gnu --host=x86_64-linux-gnu --target=x86_64-linux-gnu
Thread model: posix
gcc version 5.4.0 20160609 (Ubuntu 5.4.0-6ubuntu1~16.04.12) 
configure:2509: $? = 0
configure:2498: gcc -V >&5
gcc: error: unrecognized command line option '-V'
gcc: fatal error: no input files
compilation terminated.
configure:2509: $? = 1
configure:2498: gcc -qversion >&5
gcc: error: unrecognized command line option '-qversion'
gcc: fatal error: no input files
compilation terminated.
configure:2509: $? = 1
configure:2529: checking whether the C compiler works
configure:2551: gcc    conftest.c  >&5
configure:2555: $? = 0
configure:2603: result: yes
configure:2606: checking for C compiler default output file name
configure:2608: result: a.out
configure:2614: checking for suffix of executables
configure:2621: gcc -o conftest    conftest.c  >&5
configure:2625: $? = 0
configure:2647: result: 
configure:2669: checking whether we are cross compiling
configure:2677: gcc -o conftest    conftest.c  >&5
configure:2681: $? = 0
configure:2688: ./conftest
configure:2692: $? = 0
configure:2707: result: no
configure:2712: checking for suffix of object files
configure:2734: gcc -c   conftest.c >&5
configure:2738: $? = 0
configure:2759: result: o
configure:2763: checking whether we are using the GNU C compiler
configure:2782: gcc -c   conftest.c >&5
configure:2782: $? = 0
configure:2791: result: yes
configure:2800: checking whether gcc accepts -g
configure:2820: gcc -c -g  conftest.c >&5
configure:2820: $? = 0
configure:2861: result: yes
configure:2878: checking for gcc option to accept ISO C89
configure:2941: gcc  -c -g -O2  conftest.c >&5
configure:2941: $? = 0
configure:2954: result: none needed
configure:2975: checking for main in -lcurl
configure:2994: gcc -o conftest -g -O2   conftest.c -lcurl   >&5
configure:2994: $? = 0
configure:3003: result: yes
configure:3031: checking how to run the C preprocessor
configure:3062: gcc -E  conftest.c
configure:3062: $? = 0
configure:3076: gcc -E  conftest.c
conftest.c:10:28: fatal error: ac_nonexistent.h: No such file or directory
compilation terminated.
configure:3076: $? = 1
configure: failed program was:
| /* confdefs.h */
| #define PACKAGE_NAME ""
| #define PACKAGE_TARNAME ""
| #define PACKAGE_VERSION ""
| #define PACKAGE_STRING ""
| #define PACKAGE_BUGREPORT ""
| #define PACKAGE_URL ""
| #define HAVE_LIBCURL 1
| /* end confdefs.h.  */
| #include <ac_nonexistent.h>
configure:3101: result: gcc -E
configure:3121: gcc -E  conftest.c
configure:3121: $? = 0
configure:3135: gcc -E  conftest.c
conftest.c:10:28: fatal error: ac_nonexistent.h: No such file or directory
compilation terminated.
configure:3135: $? = 1
configure: failed program was:
| /* confdefs.h */
| #define PACKAGE_NAME ""
| #define PACKAGE_TARNAME ""
| #define PACKAGE_VERSION ""
| #define PACKAGE_STRING ""
| #define PACKAGE_BUGREPORT ""
| #define PACKAGE_URL ""
| #define HAVE_LIBCURL 1
| /* end confdefs.h.  */
| #include <ac_nonexistent.h>
configure:3164: checking for grep that handles long lines and -e
configure:3222: result: /bin/grep
configure:3227: checking for egrep
configure:3289: result: /bin/grep -E
configure:3294: checking for ANSI C header files
configure:3314: gcc -c -g -O2  conftest.c >&5
configure:3314: $? = 0
configure:3387: gcc -o conftest -g -O2   conftest.c -lcurl  >&5
configure:3387: $? = 0
configure:3387: ./conftest
configure:3387: $? = 0
configure:3398: result: yes
configure:3411: checking for sys/types.h
configure:3411: gcc -c -g -O2  conftest.c >&5
configure:3411: $? = 0
configure:3411: result: yes
configure:3411: checking for sys/stat.h
configure:3411: gcc -c -g -O2  conftest.c >&5
configure:3411: $? = 0
configure:3411: result: yes
configure:3411: checking for stdlib.h
configure:3411: gcc -c -g -O2  conftest.c >&5
configure:3411: $? = 0
configure:3411: result: yes
configure:3411: checking for string.h
configure:3411: gcc -c -g -O2  conftest.c >&5
configure:3411: $? = 0
configure:3411: result: yes
configure:3411: checking for memory.h
configure:3411: gcc -c -g -O2  conftest.c >&5
configure:3411: $? = 0
configure:3411: result: yes
configure:3411: checking for strings.h
configure:3411: gcc -c -g -O2  conftest.c >&5
configure:3411: $? = 0
configure:3411: result: yes
configure:3411: checking for inttypes.h
configure:3411: gcc -c -g -O2  conftest.c >&5
configure:3411: $? = 0
configure:3411: result: yes
configure:3411: checking for stdint.h
configure:3411: gcc -c -g -O2  conftest.c >&5
configure:3411: $? = 0
configure:3411: result: yes
configure:3411: checking for unistd.h
configure:3411: gcc -c -g -O2  conftest.c >&5
configure:3411: $? = 0
configure:3411: result: yes
configure:3426: checking curl/curl.h usability
configure:3426: gcc -c -g -O2  conftest.c >&5
configure:3426: $? = 0
configure:3426: result: yes
configure:3426: checking curl/curl.h presence
configure:3426: gcc -E  conftest.c
configure:3426: $? = 0
configure:3426: result: yes
configure:3426: checking for curl/curl.h
configure:3426: result: yes
configure:3616: creating ./config.status

## ---------------------- ##
## Running config.status. ##
## ---------------------- ##

This file was extended by config.status, which was
generated by GNU Autoconf 2.69.  Invocation command line was

  CONFIG_FILES    = 
  CONFIG_HEADERS  = 
  CONFIG_LINKS    = 
  CONFIG_COMMANDS = 
  $ ./config.status 

on ubuntu

config.status:: creating curl_info.P

## ---------------- ##
## Cache variables. ##
## ---------------- ##

ac_cv_build=x86_64-unknown-linux-gnu
ac_cv_c_compiler_gnu=yes
ac_cv_env_CC_set=
ac_cv_env_CC_value=
ac_cv_env_CFLAGS_set=
ac_cv_env_CFLAGS_value=
ac_cv_env_CPPFLAGS_set=
ac_cv_env_CPPFLAGS_value=
ac_cv_env_CPP_set=
ac_cv_env_CPP_value=
ac_cv_env_LDFLAGS_set=
ac_cv_env_LDFLAGS_value=
ac_cv_env_LIBS_set=
ac_cv_env_LIBS_value=
ac_cv_env_build_alias_set=
ac_cv_env_build_alias_value=
ac_cv_env_host_alias_set=
ac_cv_env_host_alias_value=
ac_cv_env_target_alias_set=
ac_cv_env_target_alias_value=
ac_cv_header_curl_curl_h=yes
ac_cv_header_inttypes_h=yes
ac_cv_header_memory_h=yes
ac_cv_header_stdc=yes
ac_cv_header_stdint_h=yes
ac_cv_header_stdlib_h=yes
ac_cv_header_string_h=yes
ac_cv_header_strings_h=yes
ac_cv_header_sys_stat_h=yes
ac_cv_header_sys_types_h=yes
ac_cv_header_unistd_h=yes
ac_cv_host=x86_64-unknown-linux-gnu
ac_cv_lib_curl_main=yes
ac_cv_objext=o
ac_cv_path_EGREP='/bin/grep -E'
ac_cv_path_GREP=/bin/grep
ac_cv_prog_CPP='gcc -E'
ac_cv_prog_ac_ct_CC=gcc
ac_cv_prog_cc_c89=
ac_cv_prog_cc_g=yes

## ----------------- ##
## Output variables. ##
## ----------------- ##

CC='gcc'
CFLAGS='-g -O2'
CPP='gcc -E'
CPPFLAGS=''
DEFS='-DPACKAGE_NAME=\"\" -DPACKAGE_TARNAME=\"\" -DPACKAGE_VERSION=\"\" -DPACKAGE_STRING=\"\" -DPACKAGE_BUGREPORT=\"\" -DPACKAGE_URL=\"\" -DHAVE_LIBCURL=1 -DSTDC_HEADERS=1 -DHAVE_SYS_TYPES_H=1 -DHAVE_SYS_STAT_H=1 -DHAVE_STDLIB_H=1 -DHAVE_STRING_H=1 -DHAVE_MEMORY_H=1 -DHAVE_STRINGS_H=1 -DHAVE_INTTYPES_H=1 -DHAVE_STDINT_H=1 -DHAVE_UNISTD_H=1 -DHAVE_CURL_CURL_H=1'
ECHO_C=''
ECHO_N='-n'
ECHO_T=''
EGREP='/bin/grep -E'
EXEEXT=''
GREP='/bin/grep'
LDFLAGS=''
LIBOBJS=''
LIBS='-lcurl '
LTLIBOBJS=''
OBJEXT='o'
PACKAGE_BUGREPORT=''
PACKAGE_NAME=''
PACKAGE_STRING=''
PACKAGE_TARNAME=''
PACKAGE_URL=''
PACKAGE_VERSION=''
PATH_SEPARATOR=':'
SHELL='/bin/sh'
ac_ct_CC='gcc'
bindir='${exec_prefix}/bin'
build='x86_64-unknown-linux-gnu'
build_alias=''
build_cpu='x86_64'
build_os='linux-gnu'
build_vendor='unknown'
ccflags='-g -O2'
datadir='${datarootdir}'
datarootdir='${prefix}/share'
docdir='${datarootdir}/doc/${PACKAGE}'
dvidir='${docdir}'
exec_prefix='${prefix}'
host='x86_64-unknown-linux-gnu'
host_alias=''
host_cpu='x86_64'
host_os='linux-gnu'
host_vendor='unknown'
htmldir='${docdir}'
includedir='${prefix}/include'
infodir='${datarootdir}/info'
ldflags=''
libdir=''
libexecdir='${exec_prefix}/libexec'
localedir='${datarootdir}/locale'
localstatedir='${prefix}/var'
mandir='${datarootdir}/man'
oldincludedir='/usr/include'
pdfdir='${docdir}'
prefix='/usr/local'
program_transform_name='s,x,x,'
psdir='${docdir}'
sbindir='${exec_prefix}/sbin'
sharedstatedir='${prefix}/com'
support='yes'
sysconfdir='${prefix}/etc'
target_alias=''

## ----------- ##
## confdefs.h. ##
## ----------- ##

/* confdefs.h */
#define PACKAGE_NAME ""
#define PACKAGE_TARNAME ""
#define PACKAGE_VERSION ""
#define PACKAGE_STRING ""
#define PACKAGE_BUGREPORT ""
#define PACKAGE_URL ""
#define HAVE_LIBCURL 1
#define STDC_HEADERS 1
#define HAVE_SYS_TYPES_H 1
#define HAVE_SYS_STAT_H 1
#define HAVE_STDLIB_H 1
#define HAVE_STRING_H 1
#define HAVE_MEMORY_H 1
#define HAVE_STRINGS_H 1
#define HAVE_INTTYPES_H 1
#define HAVE_STDINT_H 1
#define HAVE_UNISTD_H 1
#define HAVE_CURL_CURL_H 1

configure: exit 0
